start time: 1690561712.8364825
atoms: 34
energy decomposition:
CustomNonbondedForce: 0.03580294921994209 kJ/mol
CMMotionRemover: 0.0 kJ/mol
HarmonicBondForce: 0.0 kJ/mol
HarmonicAngleForce: 0.0 kJ/mol
total energy: 0.03580294921994209 kJ/mol

minimizing energy

energy decomposition:
CustomNonbondedForce: 0.03485246002674103 kJ/mol
CMMotionRemover: 0.0 kJ/mol
HarmonicBondForce: 0.0 kJ/mol
HarmonicAngleForce: 0.0 kJ/mol
total energy: 0.03485246002674103 kJ/mol

simulation parameters:
initalise velocities at T=300 K
steps: 20000
time step: 0.5 fs
total time: 0.01 ns
report frequency: 500
trajectory frequency per step: 500
trajectory frequency per ns: 250.0 fs
seed: 1000
running simulation
done in 1.4425687789916992 s (13864.16 steps/s)

energy decomposition:
CustomNonbondedForce: 140.5644073486328 kJ/mol
CMMotionRemover: 0.0 kJ/mol
HarmonicBondForce: 0.0 kJ/mol
HarmonicAngleForce: 0.0 kJ/mol
total energy: 140.5644073486328 kJ/mol

end time: 1690561714.6450343
total time: 1.8085517883300781 [s]
