start time: 1690561741.0578606
atoms: 34
   constraints applied:
0 1 0.14999362419783058 nm
0 2 0.14999646262495656 nm
0 3 0.14999646262495656 nm
4 5 0.14999362419783052 nm
4 6 0.14999646262495664 nm
4 7 0.1499964626249566 nm
8 9 0.14999362419783058 nm
8 10 0.14999646262495658 nm
8 11 0.14999646262495653 nm
12 13 0.14999362419783052 nm
12 14 0.14999646262495656 nm
12 15 0.14999646262495656 nm
16 18 0.15 nm
17 18 0.15 nm
19 21 0.15 nm
20 21 0.15 nm
22 24 0.15 nm
23 24 0.15 nm
25 27 0.15 nm
26 27 0.15 nm
28 30 0.14999999999999997 nm
29 30 0.14999999999999997 nm
31 33 0.14999999999999997 nm
32 33 0.14999999999999997 nm

energy decomposition:
CustomNonbondedForce: 8.306308882310987e-05 kJ/mol
CMMotionRemover: 0.0 kJ/mol
HarmonicBondForce: 1053.56689453125 kJ/mol
HarmonicAngleForce: 45.84437942504883 kJ/mol
total energy: 1099.4113570193877 kJ/mol

minimizing energy

energy decomposition:
CustomNonbondedForce: 0.00015807851741556078 kJ/mol
CMMotionRemover: 0.0 kJ/mol
HarmonicBondForce: 1.7369630336761475 kJ/mol
HarmonicAngleForce: 14.332673072814941 kJ/mol
total energy: 16.069794185008504 kJ/mol

end time: 1690561741.1861842
total time: 0.12832355499267578 [s]
