start time: 1690561784.514257
atoms: 34
   constraints applied:
0 1 0.14999808665446368 nm
0 2 0.15000394561477376 nm
0 3 0.15000394561477376 nm
4 5 0.14999808665446374 nm
4 6 0.15000394561477376 nm
4 7 0.15000394561477376 nm
8 9 0.14999808665446374 nm
8 10 0.15000394561477376 nm
8 11 0.15000394561477376 nm
12 13 0.14999808665446368 nm
12 14 0.15000394561477373 nm
12 15 0.15000394561477376 nm
16 18 0.15 nm
17 18 0.15 nm
19 21 0.15 nm
20 21 0.15 nm
22 24 0.15 nm
23 24 0.15 nm
25 27 0.15 nm
26 27 0.15 nm
28 30 0.14999999999999997 nm
29 30 0.14999999999999994 nm
31 33 0.14999999999999994 nm
32 33 0.14999999999999997 nm

energy decomposition:
CustomNonbondedForce: 0.0078093018382787704 kJ/mol
CMMotionRemover: 0.0 kJ/mol
HarmonicBondForce: 987.2557373046875 kJ/mol
HarmonicAngleForce: 60.78507995605469 kJ/mol
total energy: 1048.0486265625805 kJ/mol

minimizing energy

energy decomposition:
CustomNonbondedForce: 0.0014063948765397072 kJ/mol
CMMotionRemover: 0.0 kJ/mol
HarmonicBondForce: 2.6248128414154053 kJ/mol
HarmonicAngleForce: 33.34830856323242 kJ/mol
total energy: 35.97452779952437 kJ/mol

end time: 1690561784.7086399
total time: 0.194382905960083 [s]
