start time: 1688447684.8270047
atoms: 34
energy decomposition:
CustomNonbondedForce: 0.00014856224136733238 kJ/mol
CMMotionRemover: 0.0 kJ/mol
HarmonicBondForce: 3.1227851871654145e-10 kJ/mol
HarmonicAngleForce: 0.15774127415994177 kJ/mol
total energy: 0.1578898367135876 kJ/mol

minimizing energy

energy decomposition:
CustomNonbondedForce: 0.00014856172394225745 kJ/mol
CMMotionRemover: 0.0 kJ/mol
HarmonicBondForce: 2.475484291867187e-10 kJ/mol
HarmonicAngleForce: 0.15774127408683675 kJ/mol
total energy: 0.15788983605832743 kJ/mol

simulation parameters:
initalise velocities at T=300 K
steps: 20000
time step: 0.5 fs
total time: 0.01 ns
report frequency: 500
trajectory frequency per step: 500
trajectory frequency per ns: 250.0 fs
seed: 1000
running simulation
done in 6.048565626144409 s (3306.57 steps/s)

energy decomposition:
CustomNonbondedForce: 0.5144040063131939 kJ/mol
CMMotionRemover: 0.0 kJ/mol
HarmonicBondForce: 64.46105460041919 kJ/mol
HarmonicAngleForce: 81.1355505111792 kJ/mol
total energy: 146.11100911791158 kJ/mol

end time: 1688447690.9111767
total time: 6.084172010421753 [s]
