start time: 1688450669.760712
atoms: 34
energy decomposition:
CustomNonbondedForce: 0.16993369682972886 kJ/mol
CMMotionRemover: 0.0 kJ/mol
HarmonicBondForce: 0.0013229110569301364 kJ/mol
HarmonicAngleForce: 4.666074996761067 kJ/mol
total energy: 4.8373316046477255 kJ/mol

minimizing energy

energy decomposition:
CustomNonbondedForce: 0.13217141202105742 kJ/mol
CMMotionRemover: 0.0 kJ/mol
HarmonicBondForce: 0.0010656923984389414 kJ/mol
HarmonicAngleForce: 4.604846112854767 kJ/mol
total energy: 4.738083217274263 kJ/mol

simulation parameters:
initalise velocities at T=300 K
steps: 20000
time step: 0.5 fs
total time: 0.01 ns
report frequency: 500
trajectory frequency per step: 500
trajectory frequency per ns: 250.0 fs
seed: 1000
running simulation
done in 6.634281396865845 s (3014.64 steps/s)

energy decomposition:
CustomNonbondedForce: 1.7533267213861468 kJ/mol
CMMotionRemover: 0.0 kJ/mol
HarmonicBondForce: 40.226955958059435 kJ/mol
HarmonicAngleForce: 87.15553108924937 kJ/mol
total energy: 129.13581376869496 kJ/mol

end time: 1688450676.4620566
total time: 6.701344728469849 [s]
