start time: 1688447679.7434683
atoms: 34
   constraints applied:
0 1 0.14999872832794292 nm
0 2 0.1499988616623473 nm
0 3 0.14999886166234735 nm
4 5 0.14999872832794292 nm
4 6 0.14999886166234733 nm
4 7 0.14999886166234727 nm
8 9 0.14999872832794292 nm
8 10 0.14999886166234733 nm
8 11 0.14999886166234727 nm
12 13 0.14999872832794292 nm
12 14 0.1499988616623473 nm
12 15 0.14999886166234735 nm
16 18 0.15 nm
17 18 0.15 nm
19 21 0.15 nm
20 21 0.15 nm
22 24 0.15 nm
23 24 0.15 nm
25 27 0.15 nm
26 27 0.15 nm
28 30 0.14999999999999997 nm
29 30 0.14999999999999997 nm
31 33 0.14999999999999997 nm
32 33 0.14999999999999997 nm

energy decomposition:
CustomNonbondedForce: 8.304404568758853e-05 kJ/mol
CMMotionRemover: 0.0 kJ/mol
HarmonicBondForce: 1053.6282556080496 kJ/mol
HarmonicAngleForce: 45.86460593910524 kJ/mol
total energy: 1099.4929445912005 kJ/mol

minimizing energy

energy decomposition:
CustomNonbondedForce: 0.0001358256080873212 kJ/mol
CMMotionRemover: 0.0 kJ/mol
HarmonicBondForce: 3.011121283010422 kJ/mol
HarmonicAngleForce: 6.682554867375739 kJ/mol
total energy: 9.693811975994247 kJ/mol

end time: 1688447679.776343
total time: 0.03287482261657715 [s]
