start time: 1688450855.7117808
atoms: 34
energy decomposition:
CustomNonbondedForce: 0.0004058849138320076 kJ/mol
CMMotionRemover: 0.0 kJ/mol
HarmonicBondForce: 2.5471371339101196e-10 kJ/mol
HarmonicAngleForce: 17.188266613676078 kJ/mol
total energy: 17.188672498844625 kJ/mol

minimizing energy

energy decomposition:
CustomNonbondedForce: 0.0004058368697798661 kJ/mol
CMMotionRemover: 0.0 kJ/mol
HarmonicBondForce: 3.898768055741118e-09 kJ/mol
HarmonicAngleForce: 17.18826663654201 kJ/mol
total energy: 17.188672477310558 kJ/mol

simulation parameters:
initalise velocities at T=300 K
steps: 20000
time step: 0.5 fs
total time: 0.01 ns
report frequency: 500
trajectory frequency per step: 500
trajectory frequency per ns: 250.0 fs
seed: 1000
running simulation
done in 6.443431377410889 s (3103.94 steps/s)

energy decomposition:
CustomNonbondedForce: 0.0021651379614091885 kJ/mol
CMMotionRemover: 0.0 kJ/mol
HarmonicBondForce: 50.46592515181626 kJ/mol
HarmonicAngleForce: 99.63258982986113 kJ/mol
total energy: 150.1006801196388 kJ/mol

end time: 1688450862.1969903
total time: 6.4852094650268555 [s]
