start time: 1688418763.1470838
atoms: 34
energy decomposition:
CustomNonbondedForce: 0.03588280418184868 kJ/mol
CMMotionRemover: 0.0 kJ/mol
HarmonicBondForce: 1.247264742040483e-06 kJ/mol
HarmonicAngleForce: 1.5171986641405757e-05 kJ/mol
total energy: 0.03589922343323213 kJ/mol

minimizing energy

energy decomposition:
CustomNonbondedForce: 0.033690758152946976 kJ/mol
CMMotionRemover: 0.0 kJ/mol
HarmonicBondForce: 8.590685269713495e-05 kJ/mol
HarmonicAngleForce: 0.00105695974792338 kJ/mol
total energy: 0.03483362475356749 kJ/mol

simulation parameters:
initalise velocities at T=300 K
steps: 20000
time step: 0.5 fs
total time: 0.01 ns
report frequency: 500
trajectory frequency per step: 500
trajectory frequency per ns: 250.0 fs
seed: 1000
running simulation
done in 5.887127876281738 s (3397.24 steps/s)

energy decomposition:
CustomNonbondedForce: 3.552343179295869 kJ/mol
CMMotionRemover: 0.0 kJ/mol
HarmonicBondForce: 55.17370045552279 kJ/mol
HarmonicAngleForce: 54.437277593923255 kJ/mol
total energy: 113.16332122874192 kJ/mol

end time: 1688418769.0784009
total time: 5.931317090988159 [s]
