start time: 1688418761.3219914
atoms: 34
   constraints applied:
0 1 0.14999808665446376 nm
0 2 0.15000394561477381 nm
0 3 0.15000394561477384 nm
4 5 0.14999808665446374 nm
4 6 0.15000394561477376 nm
4 7 0.15000394561477376 nm
8 9 0.14999808665446374 nm
8 10 0.15000394561477376 nm
8 11 0.15000394561477376 nm
12 13 0.14999808665446374 nm
12 14 0.15000394561477376 nm
12 15 0.15000394561477376 nm
16 18 0.15 nm
17 18 0.15 nm
19 21 0.15 nm
20 21 0.15 nm
22 24 0.15 nm
23 24 0.15 nm
25 27 0.15 nm
26 27 0.15 nm
28 30 0.14999999999999997 nm
29 30 0.14999999999999994 nm
31 33 0.14999999999999994 nm
32 33 0.14999999999999997 nm

energy decomposition:
CustomNonbondedForce: 0.007809301651653532 kJ/mol
CMMotionRemover: 0.0 kJ/mol
HarmonicBondForce: 987.255672364041 kJ/mol
HarmonicAngleForce: 32.61594834858323 kJ/mol
total energy: 1019.8794300142758 kJ/mol

minimizing energy

energy decomposition:
CustomNonbondedForce: 0.0014546573707109602 kJ/mol
CMMotionRemover: 0.0 kJ/mol
HarmonicBondForce: 7.636767079225237 kJ/mol
HarmonicAngleForce: 27.245185075260117 kJ/mol
total energy: 34.88340681185606 kJ/mol

end time: 1688418761.3505564
total time: 0.028564929962158203 [s]
