start time: 1688450684.0069933
atoms: 34
energy decomposition:
CustomNonbondedForce: 0.16844827431011025 kJ/mol
CMMotionRemover: 0.0 kJ/mol
HarmonicBondForce: 0.001198680022470611 kJ/mol
HarmonicAngleForce: 4.58715297477493 kJ/mol
total energy: 4.756799929107511 kJ/mol

minimizing energy

energy decomposition:
CustomNonbondedForce: 0.13212370826492228 kJ/mol
CMMotionRemover: 0.0 kJ/mol
HarmonicBondForce: 0.0010648788625277558 kJ/mol
HarmonicAngleForce: 4.604893417280688 kJ/mol
total energy: 4.738082004408138 kJ/mol

simulation parameters:
initalise velocities at T=300 K
steps: 20000
time step: 0.5 fs
total time: 0.01 ns
report frequency: 500
trajectory frequency per step: 500
trajectory frequency per ns: 250.0 fs
seed: 1000
running simulation
done in 5.963151454925537 s (3353.93 steps/s)

energy decomposition:
CustomNonbondedForce: 3.307143299468482 kJ/mol
CMMotionRemover: 0.0 kJ/mol
HarmonicBondForce: 26.961210115197794 kJ/mol
HarmonicAngleForce: 48.58146409019741 kJ/mol
total energy: 78.84981750486368 kJ/mol

end time: 1688450690.034691
total time: 6.027697801589966 [s]
