start time: 1688450667.046588
atoms: 34
   constraints applied:
0 1 0.14999808665446376 nm
0 2 0.15000394561477381 nm
0 3 0.15000394561477384 nm
4 5 0.14999808665446374 nm
4 6 0.15000394561477376 nm
4 7 0.15000394561477376 nm
8 9 0.14999808665446374 nm
8 10 0.15000394561477376 nm
8 11 0.15000394561477376 nm
12 13 0.14999808665446374 nm
12 14 0.15000394561477376 nm
12 15 0.15000394561477376 nm
16 18 0.15 nm
17 18 0.15 nm
19 21 0.15 nm
20 21 0.15 nm
22 24 0.15 nm
23 24 0.15 nm
25 27 0.15 nm
26 27 0.15 nm
28 30 0.14999999999999997 nm
29 30 0.14999999999999994 nm
31 33 0.14999999999999994 nm
32 33 0.14999999999999997 nm

energy decomposition:
CustomNonbondedForce: 0.007809301651653528 kJ/mol
CMMotionRemover: 0.0 kJ/mol
HarmonicBondForce: 987.255672364041 kJ/mol
HarmonicAngleForce: 60.785081045377005 kJ/mol
total energy: 1048.0485627110695 kJ/mol

minimizing energy

energy decomposition:
CustomNonbondedForce: 0.0014074968789172773 kJ/mol
CMMotionRemover: 0.0 kJ/mol
HarmonicBondForce: 2.6394973833019946 kJ/mol
HarmonicAngleForce: 33.33483325052723 kJ/mol
total energy: 35.975738130708145 kJ/mol

end time: 1688450667.0810819
total time: 0.03449392318725586 [s]
