start time: 1690561853.2703366
atoms: 34
energy decomposition:
CustomNonbondedForce: 17.188684463500977 kJ/mol
CMMotionRemover: 0.0 kJ/mol
HarmonicBondForce: 0.0 kJ/mol
HarmonicAngleForce: 0.0 kJ/mol
total energy: 17.188684463500977 kJ/mol

minimizing energy

energy decomposition:
CustomNonbondedForce: 17.18867301940918 kJ/mol
CMMotionRemover: 0.0 kJ/mol
HarmonicBondForce: 0.0 kJ/mol
HarmonicAngleForce: 0.0 kJ/mol
total energy: 17.18867301940918 kJ/mol

simulation parameters:
initalise velocities at T=300 K
steps: 20000
time step: 0.5 fs
total time: 0.01 ns
report frequency: 500
trajectory frequency per step: 500
trajectory frequency per ns: 250.0 fs
seed: 1000
running simulation
done in 2.128994941711426 s (9394.1 steps/s)

energy decomposition:
CustomNonbondedForce: 142.19720458984375 kJ/mol
CMMotionRemover: 0.0 kJ/mol
HarmonicBondForce: 0.0 kJ/mol
HarmonicAngleForce: 0.0 kJ/mol
total energy: 142.19720458984375 kJ/mol

end time: 1690561855.5412028
total time: 2.2708661556243896 [s]
