start time: 1690561706.7986486
atoms: 34
   constraints applied:
0 1 0.14999808665446368 nm
0 2 0.15000394561477376 nm
0 3 0.15000394561477376 nm
4 5 0.14999808665446374 nm
4 6 0.15000394561477376 nm
4 7 0.15000394561477376 nm
8 9 0.14999808665446374 nm
8 10 0.15000394561477376 nm
8 11 0.15000394561477376 nm
12 13 0.14999808665446368 nm
12 14 0.15000394561477373 nm
12 15 0.15000394561477376 nm
16 18 0.15 nm
17 18 0.15 nm
19 21 0.15 nm
20 21 0.15 nm
22 24 0.15 nm
23 24 0.15 nm
25 27 0.15 nm
26 27 0.15 nm
28 30 0.14999999999999997 nm
29 30 0.14999999999999994 nm
31 33 0.14999999999999994 nm
32 33 0.14999999999999997 nm

energy decomposition:
CustomNonbondedForce: 0.0078093018382787704 kJ/mol
CMMotionRemover: 0.0 kJ/mol
HarmonicBondForce: 987.2557373046875 kJ/mol
HarmonicAngleForce: 32.61595153808594 kJ/mol
total energy: 1019.8794981446117 kJ/mol

minimizing energy

energy decomposition:
CustomNonbondedForce: 0.0014574097003787756 kJ/mol
CMMotionRemover: 0.0 kJ/mol
HarmonicBondForce: 7.678852081298828 kJ/mol
HarmonicAngleForce: 27.15517234802246 kJ/mol
total energy: 34.83548183902167 kJ/mol

end time: 1690561709.0878866
total time: 2.2892379760742188 [s]
