start time: 1690561831.427965
atoms: 34
energy decomposition:
CustomNonbondedForce: 17.18868064880371 kJ/mol
CMMotionRemover: 0.0 kJ/mol
HarmonicBondForce: 0.0 kJ/mol
HarmonicAngleForce: 0.0 kJ/mol
total energy: 17.18868064880371 kJ/mol

minimizing energy

energy decomposition:
CustomNonbondedForce: 17.188674926757812 kJ/mol
CMMotionRemover: 0.0 kJ/mol
HarmonicBondForce: 0.0 kJ/mol
HarmonicAngleForce: 0.0 kJ/mol
total energy: 17.188674926757812 kJ/mol

simulation parameters:
initalise velocities at T=300 K
steps: 20000
time step: 0.5 fs
total time: 0.01 ns
report frequency: 500
trajectory frequency per step: 500
trajectory frequency per ns: 250.0 fs
seed: 1000
running simulation
done in 2.2026264667510986 s (9080.07 steps/s)

energy decomposition:
CustomNonbondedForce: 116.6248550415039 kJ/mol
CMMotionRemover: 0.0 kJ/mol
HarmonicBondForce: 0.0 kJ/mol
HarmonicAngleForce: 0.0 kJ/mol
total energy: 116.6248550415039 kJ/mol

end time: 1690561833.7903383
total time: 2.3623733520507812 [s]
