start time: 1690561790.1552007
atoms: 34
energy decomposition:
CustomNonbondedForce: 5.301664352416992 kJ/mol
CMMotionRemover: 0.0 kJ/mol
HarmonicBondForce: 0.0 kJ/mol
HarmonicAngleForce: 0.0 kJ/mol
total energy: 5.301664352416992 kJ/mol

minimizing energy

energy decomposition:
CustomNonbondedForce: 5.28950834274292 kJ/mol
CMMotionRemover: 0.0 kJ/mol
HarmonicBondForce: 0.0 kJ/mol
HarmonicAngleForce: 0.0 kJ/mol
total energy: 5.28950834274292 kJ/mol

simulation parameters:
initalise velocities at T=300 K
steps: 20000
time step: 0.5 fs
total time: 0.01 ns
report frequency: 500
trajectory frequency per step: 500
trajectory frequency per ns: 250.0 fs
seed: 1000
running simulation
done in 2.5687732696533203 s (7785.82 steps/s)

energy decomposition:
CustomNonbondedForce: 125.08003234863281 kJ/mol
CMMotionRemover: 0.0 kJ/mol
HarmonicBondForce: 0.0 kJ/mol
HarmonicAngleForce: 0.0 kJ/mol
total energy: 125.08003234863281 kJ/mol

end time: 1690561792.8862445
total time: 2.731043815612793 [s]
