start time: 1690564861.618916
atoms: 34
energy decomposition:
CustomNonbondedForce: 0.00013855118595529348 kJ/mol
CMMotionRemover: 0.0 kJ/mol
HarmonicBondForce: 0.0 kJ/mol
HarmonicAngleForce: 0.0 kJ/mol
total energy: 0.00013855118595529348 kJ/mol

minimizing energy

energy decomposition:
CustomNonbondedForce: 0.0001361978065688163 kJ/mol
CMMotionRemover: 0.0 kJ/mol
HarmonicBondForce: 0.0 kJ/mol
HarmonicAngleForce: 0.0 kJ/mol
total energy: 0.0001361978065688163 kJ/mol

simulation parameters:
initalise velocities at T=300 K
steps: 20000
time step: 0.5 fs
total time: 0.01 ns
report frequency: 500
trajectory frequency per step: 500
trajectory frequency per ns: 250.0 fs
seed: 1000
running simulation
done in 1.763599157333374 s (11340.45 steps/s)

energy decomposition:
CustomNonbondedForce: 114.10118865966797 kJ/mol
CMMotionRemover: 0.0 kJ/mol
HarmonicBondForce: 0.0 kJ/mol
HarmonicAngleForce: 0.0 kJ/mol
total energy: 114.10118865966797 kJ/mol

end time: 1690564863.511912
total time: 1.892996072769165 [s]
