start time: 1690565942.463705
atoms: 34
energy decomposition:
CustomNonbondedForce: 10.991467475891113 kJ/mol
CMMotionRemover: 0.0 kJ/mol
HarmonicBondForce: 0.0 kJ/mol
HarmonicAngleForce: 0.0 kJ/mol
total energy: 10.991467475891113 kJ/mol

minimizing energy

energy decomposition:
CustomNonbondedForce: 10.991466522216797 kJ/mol
CMMotionRemover: 0.0 kJ/mol
HarmonicBondForce: 0.0 kJ/mol
HarmonicAngleForce: 0.0 kJ/mol
total energy: 10.991466522216797 kJ/mol

simulation parameters:
initalise velocities at T=300 K
steps: 20000
time step: 0.5 fs
total time: 0.01 ns
report frequency: 500
trajectory frequency per step: 500
trajectory frequency per ns: 250.0 fs
seed: 1000
running simulation
done in 1.8253364562988281 s (10956.88 steps/s)

energy decomposition:
CustomNonbondedForce: 143.41297912597656 kJ/mol
CMMotionRemover: 0.0 kJ/mol
HarmonicBondForce: 0.0 kJ/mol
HarmonicAngleForce: 0.0 kJ/mol
total energy: 143.41297912597656 kJ/mol

end time: 1690565944.437663
total time: 1.9739580154418945 [s]
