start time: 1690564817.1523848
atoms: 34
   constraints applied:
0 1 0.14999808665446368 nm
0 2 0.15000394561477376 nm
0 3 0.15000394561477376 nm
4 5 0.14999808665446365 nm
4 6 0.15000394561477376 nm
4 7 0.1500039456147738 nm
8 9 0.14999808665446374 nm
8 10 0.1500039456147737 nm
8 11 0.15000394561477376 nm
12 13 0.14999808665446365 nm
12 14 0.15000394561477373 nm
12 15 0.15000394561477373 nm
16 18 0.15 nm
17 18 0.14999999999999997 nm
19 21 0.15000000000000002 nm
20 21 0.15 nm
22 24 0.15 nm
23 24 0.14999999999999997 nm
25 27 0.15 nm
26 27 0.15 nm
28 30 0.15000000000000008 nm
29 30 0.15000000000000005 nm
31 33 0.15000000000000005 nm
32 33 0.15000000000000002 nm

energy decomposition:
CustomNonbondedForce: 0.023076629266142845 kJ/mol
CMMotionRemover: 0.0 kJ/mol
HarmonicBondForce: 7.063435987220146e-07 kJ/mol
HarmonicAngleForce: 55.27813720703125 kJ/mol
total energy: 55.30121454264099 kJ/mol

minimizing energy

energy decomposition:
CustomNonbondedForce: 0.02621350809931755 kJ/mol
CMMotionRemover: 0.0 kJ/mol
HarmonicBondForce: 0.22906813025474548 kJ/mol
HarmonicAngleForce: 23.298633575439453 kJ/mol
total energy: 23.553915213793516 kJ/mol

end time: 1690564817.3221006
total time: 0.16971588134765625 [s]
