start time: 1690564857.7721796
atoms: 34
   constraints applied:
0 1 0.14999362419783052 nm
0 2 0.14999646262495658 nm
0 3 0.1499964626249566 nm
4 5 0.14999362419783052 nm
4 6 0.1499964626249566 nm
4 7 0.14999646262495664 nm
8 9 0.14999362419783047 nm
8 10 0.14999646262495656 nm
8 11 0.14999646262495658 nm
12 13 0.14999362419783052 nm
12 14 0.1499964626249566 nm
12 15 0.14999646262495664 nm
16 18 0.15000000000000008 nm
17 18 0.15000000000000005 nm
19 21 0.14999999999999997 nm
20 21 0.15 nm
22 24 0.15 nm
23 24 0.15 nm
25 27 0.15 nm
26 27 0.15 nm
28 30 0.15 nm
29 30 0.15000000000000002 nm
31 33 0.15 nm
32 33 0.15000000000000002 nm

energy decomposition:
CustomNonbondedForce: 0.00021727838611695915 kJ/mol
CMMotionRemover: 0.0 kJ/mol
HarmonicBondForce: 3.0101094245910645 kJ/mol
HarmonicAngleForce: 109.98927307128906 kJ/mol
total energy: 112.99959977426624 kJ/mol

minimizing energy

energy decomposition:
CustomNonbondedForce: 0.00018884154269471765 kJ/mol
CMMotionRemover: 0.0 kJ/mol
HarmonicBondForce: 0.8222853541374207 kJ/mol
HarmonicAngleForce: 5.365106582641602 kJ/mol
total energy: 6.187580778321717 kJ/mol

end time: 1690564857.8970807
total time: 0.12490105628967285 [s]
