start time: 1690564803.0530741
atoms: 34
energy decomposition:
CustomNonbondedForce: 1.1225733757019043 kJ/mol
CMMotionRemover: 0.0 kJ/mol
HarmonicBondForce: 0.0 kJ/mol
HarmonicAngleForce: 0.0 kJ/mol
total energy: 1.1225733757019043 kJ/mol

minimizing energy

energy decomposition:
CustomNonbondedForce: 0.054671064019203186 kJ/mol
CMMotionRemover: 0.0 kJ/mol
HarmonicBondForce: 0.0 kJ/mol
HarmonicAngleForce: 0.0 kJ/mol
total energy: 0.054671064019203186 kJ/mol

simulation parameters:
initalise velocities at T=300 K
steps: 20000
time step: 0.5 fs
total time: 0.01 ns
report frequency: 500
trajectory frequency per step: 500
trajectory frequency per ns: 250.0 fs
seed: 1000
running simulation
done in 1.9858205318450928 s (10071.4 steps/s)

energy decomposition:
CustomNonbondedForce: 123.5499038696289 kJ/mol
CMMotionRemover: 0.0 kJ/mol
HarmonicBondForce: 0.0 kJ/mol
HarmonicAngleForce: 0.0 kJ/mol
total energy: 123.5499038696289 kJ/mol

end time: 1690564805.407055
total time: 2.353980779647827 [s]
